[35m[Appium][39m Welcome to Appium v1.22.3
[35m[Appium][39m Non-default server args:
[35m[Appium][39m   port: 62939
[35m[Appium][39m   loglevel: info
[35m[Appium][39m   tmpDir: C:\Users\murdo\AppData\Local\Temp\\Katalon\Appium\Temp1698250316379
[35m[Appium][39m   chromedriverPort: 62941
[35m[Appium][39m Deprecated server args:
[35m[Appium][39m   [31m--chromedriver-port[39m => --default-capabilities
[35m[Appium][39m Default capabilities, which will be added to each request unless overridden by desired capabilities:
[35m[Appium][39m   chromedriverPort: 62941
[35m[Appium][39m Appium REST http interface listener started on 0.0.0.0:62939
[35m[HTTP][39m [37m-->[39m [37mGET[39m [37m/wd/hub/status[39m
[35m[HTTP][39m [90m{}[39m
[35m[HTTP][39m [37m<-- GET /wd/hub/status [39m[32m200[39m [90m11 ms - 68[39m
[35m[HTTP][39m [90m[39m
[35m[HTTP][39m [37m-->[39m [37mGET[39m [37m/wd/hub/status[39m
[35m[HTTP][39m [90m{}[39m
[35m[HTTP][39m [37m<-- GET /wd/hub/status [39m[32m200[39m [90m2 ms - 68[39m
[35m[HTTP][39m [90m[39m
[35m[HTTP][39m [37m-->[39m [37mPOST[39m [37m/wd/hub/session[39m
[35m[HTTP][39m [90m{"desiredCapabilities":{"appActivity":".Settings","appPackage":"com.android.settings","newCommandTimeout":1800,"platformVersion":"10","automationName":"uiautomator2","autoGrantPermissions":true,"platformName":"Android","udid":"emulator-5554","deviceName":"emulator-5554 (Android SDK built for x86 - Android 10)","platform":"ANDROID","systemPort":8214},"capabilities":{"firstMatch":[{"appium:appActivity":".Settings","appium:appPackage":"com.android.settings","appium:autoGrantPermissions":true,"appium:automationName":"uiautomator2","appium:deviceName":"emulator-5554 (Android SDK built for x86 - Android 10)","appium:newCommandTimeout":1800,"platform":"ANDROID","platformName":"android","appium:platformVersion":"10","appium:systemPort":8214,"appium:udid":"emulator-5554"}]}}[39m
[35m[BaseDriver][39m The following capabilities are not standard capabilities and should have an extension prefix:
[35m[BaseDriver][39m   platform
[35m[BaseDriver][39m   chromedriverPort
[35m[Appium][39m Appium v1.22.3 creating new AndroidUiautomator2Driver (v1.70.1) session
[35m[BaseDriver][39m The following capabilities were provided, but are not recognized by Appium:
[35m[BaseDriver][39m   platform
[35m[BaseDriver][39m Session created with session id: a5ccf62e-cb8d-466f-b4a6-dfc32c9d7885
[35m[UiAutomator2][39m Starting 'com.android.settings' directly on the device
[35m[ADB][39m Found 1 'build-tools' folders under 'C:\Users\murdo\.katalon\tools\android_sdk' (newest first):
[35m[ADB][39m     C:/Users/murdo/.katalon/tools/android_sdk/build-tools/29.0.3
[35m[ADB][39m Using 'adb.exe' from 'C:\Users\murdo\.katalon\tools\android_sdk\platform-tools\adb.exe'
[35m[AndroidDriver][39m Retrieving device list
[35m[AndroidDriver][39m Using device: emulator-5554
[35m[ADB][39m Using 'adb.exe' from 'C:\Users\murdo\.katalon\tools\android_sdk\platform-tools\adb.exe'
[35m[ADB][39m Getting device platform version
[35m[UiAutomator2][39m Relaxing hidden api policy
[35m[AndroidDriver][39m No app sent in, not parsing package/activity
[35m[ADB][39m Using 'apksigner.jar' from 'C:\Users\murdo\.katalon\tools\android_sdk\build-tools\29.0.3\lib\apksigner.jar'
[35m[ADB][39m 'C:\Users\murdo\AppData\Roaming\npm\node_modules\appium\node_modules\appium-uiautomator2-server\apks\appium-uiautomator2-server-v4.27.0.apk' is signed with the default certificate
[35m[ADB][39m 'C:\Users\murdo\AppData\Roaming\npm\node_modules\appium\node_modules\appium-uiautomator2-server\apks\appium-uiautomator2-server-debug-androidTest.apk' is signed with the default certificate
[35m[UiAutomator2][39m Server packages are not going to be (re)installed
[35m[ADB][39m Adding packages ["io.appium.settings","io.appium.uiautomator2.server","io.appium.uiautomator2.server.test"] to Doze whitelist
[35m[UiAutomator2][39m Starting UIAutomator2 server 4.27.0
[35m[UiAutomator2][39m Using UIAutomator2 server from 'C:\Users\murdo\AppData\Roaming\npm\node_modules\appium\node_modules\appium-uiautomator2-server\apks\appium-uiautomator2-server-v4.27.0.apk' and test from 'C:\Users\murdo\AppData\Roaming\npm\node_modules\appium\node_modules\appium-uiautomator2-server\apks\appium-uiautomator2-server-debug-androidTest.apk'
[35m[UiAutomator2][39m Waiting up to 30000ms for UiAutomator2 to be online...
[35m[WD Proxy][39m socket hang up
[35m[WD Proxy][39m socket hang up
[35m[WD Proxy][39m socket hang up
[35m[WD Proxy][39m socket hang up
[35m[WD Proxy][39m socket hang up
[35m[WD Proxy][39m socket hang up
[35m[WD Proxy][39m socket hang up
[35m[WD Proxy][39m socket hang up
[35m[WD Proxy][39m socket hang up
[35m[WD Proxy][39m socket hang up
[35m[WD Proxy][39m Determined the downstream protocol as 'W3C'
[35m[AndroidDriver][39m Screen already unlocked, doing nothing
[35m[UiAutomator2][39m Starting 'com.android.settings/.Settings and waiting for 'com.android.settings/.Settings'
[35m[Appium][39m New AndroidUiautomator2Driver session created successfully, session a5ccf62e-cb8d-466f-b4a6-dfc32c9d7885 added to master session list
[35m[HTTP][39m [37m<-- POST /wd/hub/session [39m[32m200[39m [90m21166 ms - 1205[39m
[35m[HTTP][39m [90m[39m
[35m[HTTP][39m [37m-->[39m [37mGET[39m [37m/wd/hub/session/a5ccf62e-cb8d-466f-b4a6-dfc32c9d7885[39m
[35m[HTTP][39m [90m{}[39m
[35m[HTTP][39m [37m<-- GET /wd/hub/session/a5ccf62e-cb8d-466f-b4a6-dfc32c9d7885 [39m[32m200[39m [90m31 ms - 1159[39m
[35m[HTTP][39m [90m[39m
[35m[HTTP][39m [37m-->[39m [37mGET[39m [37m/wd/hub/session/a5ccf62e-cb8d-466f-b4a6-dfc32c9d7885[39m
[35m[HTTP][39m [90m{}[39m
[35m[HTTP][39m [37m<-- GET /wd/hub/session/a5ccf62e-cb8d-466f-b4a6-dfc32c9d7885 [39m[32m200[39m [90m16 ms - 1159[39m
[35m[HTTP][39m [90m[39m
[35m[HTTP][39m [37m-->[39m [37mGET[39m [37m/wd/hub/status[39m
[35m[HTTP][39m [90m{}[39m
[35m[HTTP][39m [37m<-- GET /wd/hub/status [39m[32m200[39m [90m1 ms - 68[39m
[35m[HTTP][39m [90m[39m
[35m[HTTP][39m [37m-->[39m [37mPOST[39m [37m/wd/hub/session/a5ccf62e-cb8d-466f-b4a6-dfc32c9d7885/timeouts[39m
[35m[HTTP][39m [90m{"implicit":60000}[39m
[35m[HTTP][39m [37m<-- POST /wd/hub/session/a5ccf62e-cb8d-466f-b4a6-dfc32c9d7885/timeouts [39m[32m200[39m [90m7 ms - 14[39m
[35m[HTTP][39m [90m[39m
[35m[HTTP][39m [37m-->[39m [37mGET[39m [37m/wd/hub/session/a5ccf62e-cb8d-466f-b4a6-dfc32c9d7885/screenshot[39m
[35m[HTTP][39m [90m{}[39m
[35m[HTTP][39m [37m<-- GET /wd/hub/session/a5ccf62e-cb8d-466f-b4a6-dfc32c9d7885/screenshot [39m[32m200[39m [90m3342 ms - 23486[39m
[35m[HTTP][39m [90m[39m
[35m[HTTP][39m [37m-->[39m [37mGET[39m [37m/wd/hub/session/a5ccf62e-cb8d-466f-b4a6-dfc32c9d7885/window/rect[39m
[35m[HTTP][39m [90m{}[39m
[35m[HTTP][39m [37m<-- GET /wd/hub/session/a5ccf62e-cb8d-466f-b4a6-dfc32c9d7885/window/rect [39m[32m200[39m [90m39 ms - 50[39m
[35m[HTTP][39m [90m[39m
[35m[HTTP][39m [37m-->[39m [37mGET[39m [37m/wd/hub/session/a5ccf62e-cb8d-466f-b4a6-dfc32c9d7885/appium/device/system_bars[39m
[35m[HTTP][39m [90m{}[39m
[35m[HTTP][39m [37m<-- GET /wd/hub/session/a5ccf62e-cb8d-466f-b4a6-dfc32c9d7885/appium/device/system_bars [39m[32m200[39m [90m203 ms - 148[39m
[35m[HTTP][39m [90m[39m
[35m[HTTP][39m [37m-->[39m [37mPOST[39m [37m/wd/hub/session/a5ccf62e-cb8d-466f-b4a6-dfc32c9d7885/appium/device/activate_app[39m
[35m[HTTP][39m [90m{"bundleId":"com.example.shopping_list"}[39m
[35m[HTTP][39m [37m<-- POST /wd/hub/session/a5ccf62e-cb8d-466f-b4a6-dfc32c9d7885/appium/device/activate_app [39m[32m200[39m [90m961 ms - 14[39m
[35m[HTTP][39m [90m[39m
[35m[HTTP][39m [37m-->[39m [37mGET[39m [37m/wd/hub/session/a5ccf62e-cb8d-466f-b4a6-dfc32c9d7885/source[39m
[35m[HTTP][39m [90m{}[39m
[35m[W3C (a5ccf62e)][39m Driver proxy active, passing request on via HTTP proxy
[35m[WD Proxy][39m Replacing sessionId a32e45fd-9a55-41f3-81d6-d73c0d127e95 with a5ccf62e-cb8d-466f-b4a6-dfc32c9d7885
[35m[HTTP][39m [37m<-- GET /wd/hub/session/a5ccf62e-cb8d-466f-b4a6-dfc32c9d7885/source [39m[32m200[39m [90m2932 ms - 1890[39m
[35m[HTTP][39m [90m[39m
[35m[HTTP][39m [37m-->[39m [37mGET[39m [37m/wd/hub/session/a5ccf62e-cb8d-466f-b4a6-dfc32c9d7885/screenshot[39m
[35m[HTTP][39m [90m{}[39m
[35m[HTTP][39m [37m<-- GET /wd/hub/session/a5ccf62e-cb8d-466f-b4a6-dfc32c9d7885/screenshot [39m[32m200[39m [90m1585 ms - 52614[39m
[35m[HTTP][39m [90m[39m
[35m[HTTP][39m [37m-->[39m [37mGET[39m [37m/wd/hub/session/a5ccf62e-cb8d-466f-b4a6-dfc32c9d7885/source[39m
[35m[HTTP][39m [90m{}[39m
[35m[W3C (a5ccf62e)][39m Driver proxy active, passing request on via HTTP proxy
[35m[WD Proxy][39m Replacing sessionId a32e45fd-9a55-41f3-81d6-d73c0d127e95 with a5ccf62e-cb8d-466f-b4a6-dfc32c9d7885
[35m[HTTP][39m [37m<-- GET /wd/hub/session/a5ccf62e-cb8d-466f-b4a6-dfc32c9d7885/source [39m[32m200[39m [90m262 ms - 11185[39m
[35m[HTTP][39m [90m[39m
[35m[HTTP][39m [37m-->[39m [37mGET[39m [37m/wd/hub/session/a5ccf62e-cb8d-466f-b4a6-dfc32c9d7885/screenshot[39m
[35m[HTTP][39m [90m{}[39m
[35m[HTTP][39m [37m<-- GET /wd/hub/session/a5ccf62e-cb8d-466f-b4a6-dfc32c9d7885/screenshot [39m[32m200[39m [90m770 ms - 1270950[39m
[35m[HTTP][39m [90m[39m
[35m[HTTP][39m [37m-->[39m [37mGET[39m [37m/wd/hub/session/a5ccf62e-cb8d-466f-b4a6-dfc32c9d7885/source[39m
[35m[HTTP][39m [90m{}[39m
[35m[W3C (a5ccf62e)][39m Driver proxy active, passing request on via HTTP proxy
[35m[WD Proxy][39m Replacing sessionId a32e45fd-9a55-41f3-81d6-d73c0d127e95 with a5ccf62e-cb8d-466f-b4a6-dfc32c9d7885
[35m[HTTP][39m [37m<-- GET /wd/hub/session/a5ccf62e-cb8d-466f-b4a6-dfc32c9d7885/source [39m[32m200[39m [90m178 ms - 11728[39m
[35m[HTTP][39m [90m[39m
[35m[HTTP][39m [37m-->[39m [37mGET[39m [37m/wd/hub/session/a5ccf62e-cb8d-466f-b4a6-dfc32c9d7885/screenshot[39m
[35m[HTTP][39m [90m{}[39m
[35m[HTTP][39m [37m<-- GET /wd/hub/session/a5ccf62e-cb8d-466f-b4a6-dfc32c9d7885/screenshot [39m[32m200[39m [90m635 ms - 170854[39m
[35m[HTTP][39m [90m[39m
[35m[HTTP][39m [37m-->[39m [37mPOST[39m [37m/wd/hub/session/a5ccf62e-cb8d-466f-b4a6-dfc32c9d7885/elements[39m
[35m[HTTP][39m [90m{"using":"xpath","value":"//*[@class = 'android.view.View' and @resource-id = '' and (@text = '' or . = '')]"}[39m
[35m[HTTP][39m [37m<-- POST /wd/hub/session/a5ccf62e-cb8d-466f-b4a6-dfc32c9d7885/elements [39m[32m200[39m [90m1043 ms - 2827[39m
[35m[HTTP][39m [90m[39m
[35m[HTTP][39m [37m-->[39m [37mPOST[39m [37m/wd/hub/session/a5ccf62e-cb8d-466f-b4a6-dfc32c9d7885/elements[39m
[35m[HTTP][39m [90m{"using":"accessibility id","value":"Your Groceries"}[39m
[35m[HTTP][39m [37m<-- POST /wd/hub/session/a5ccf62e-cb8d-466f-b4a6-dfc32c9d7885/elements [39m[32m200[39m [90m21 ms - 139[39m
[35m[HTTP][39m [90m[39m
[35m[HTTP][39m [37m-->[39m [37mGET[39m [37m/wd/hub/session/a5ccf62e-cb8d-466f-b4a6-dfc32c9d7885/source[39m
[35m[HTTP][39m [90m{}[39m
[35m[W3C (a5ccf62e)][39m Driver proxy active, passing request on via HTTP proxy
[35m[WD Proxy][39m Replacing sessionId a32e45fd-9a55-41f3-81d6-d73c0d127e95 with a5ccf62e-cb8d-466f-b4a6-dfc32c9d7885
[35m[HTTP][39m [37m<-- GET /wd/hub/session/a5ccf62e-cb8d-466f-b4a6-dfc32c9d7885/source [39m[32m200[39m [90m71 ms - 7911[39m
[35m[HTTP][39m [90m[39m
[35m[HTTP][39m [37m-->[39m [37mGET[39m [37m/wd/hub/session/a5ccf62e-cb8d-466f-b4a6-dfc32c9d7885/screenshot[39m
[35m[HTTP][39m [90m{}[39m
[35m[HTTP][39m [37m<-- GET /wd/hub/session/a5ccf62e-cb8d-466f-b4a6-dfc32c9d7885/screenshot [39m[32m200[39m [90m404 ms - 126078[39m
[35m[HTTP][39m [90m[39m
[35m[HTTP][39m [37m-->[39m [37mPOST[39m [37m/wd/hub/session/a5ccf62e-cb8d-466f-b4a6-dfc32c9d7885/elements[39m
[35m[HTTP][39m [90m{"using":"xpath","value":"//*[@class = 'android.view.View' and @resource-id = '' and (@text = '' or . = '')]"}[39m
[35m[HTTP][39m [37m<-- POST /wd/hub/session/a5ccf62e-cb8d-466f-b4a6-dfc32c9d7885/elements [39m[32m200[39m [90m108 ms - 1035[39m
[35m[HTTP][39m [90m[39m
[35m[HTTP][39m [37m-->[39m [37mPOST[39m [37m/wd/hub/session/a5ccf62e-cb8d-466f-b4a6-dfc32c9d7885/elements[39m
[35m[HTTP][39m [90m{"using":"accessibility id","value":"Must be between 1 and 50 characters."}[39m
[35m[HTTP][39m [37m<-- POST /wd/hub/session/a5ccf62e-cb8d-466f-b4a6-dfc32c9d7885/elements [39m[32m200[39m [90m21 ms - 139[39m
[35m[HTTP][39m [90m[39m
[35m[HTTP][39m [37m-->[39m [37mGET[39m [37m/wd/hub/session/a5ccf62e-cb8d-466f-b4a6-dfc32c9d7885/source[39m
[35m[HTTP][39m [90m{}[39m
[35m[W3C (a5ccf62e)][39m Driver proxy active, passing request on via HTTP proxy
[35m[WD Proxy][39m Replacing sessionId a32e45fd-9a55-41f3-81d6-d73c0d127e95 with a5ccf62e-cb8d-466f-b4a6-dfc32c9d7885
[35m[HTTP][39m [37m<-- GET /wd/hub/session/a5ccf62e-cb8d-466f-b4a6-dfc32c9d7885/source [39m[32m200[39m [90m72 ms - 8396[39m
[35m[HTTP][39m [90m[39m
[35m[HTTP][39m [37m-->[39m [37mGET[39m [37m/wd/hub/session/a5ccf62e-cb8d-466f-b4a6-dfc32c9d7885/screenshot[39m
[35m[HTTP][39m [90m{}[39m
[35m[HTTP][39m [37m<-- GET /wd/hub/session/a5ccf62e-cb8d-466f-b4a6-dfc32c9d7885/screenshot [39m[32m200[39m [90m456 ms - 184396[39m
[35m[HTTP][39m [90m[39m
[35m[HTTP][39m [37m-->[39m [37mPOST[39m [37m/wd/hub/session/a5ccf62e-cb8d-466f-b4a6-dfc32c9d7885/elements[39m
[35m[HTTP][39m [90m{"using":"xpath","value":"//*[@class = 'android.view.View' and @resource-id = '' and (@text = '' or . = '')]"}[39m
[35m[HTTP][39m [37m<-- POST /wd/hub/session/a5ccf62e-cb8d-466f-b4a6-dfc32c9d7885/elements [39m[32m200[39m [90m54 ms - 1163[39m
[35m[HTTP][39m [90m[39m
[35m[HTTP][39m [37m-->[39m [37mPOST[39m [37m/wd/hub/session/a5ccf62e-cb8d-466f-b4a6-dfc32c9d7885/elements[39m
[35m[HTTP][39m [90m{"using":"accessibility id","value":"Must be a valid positive number."}[39m
[35m[HTTP][39m [37m<-- POST /wd/hub/session/a5ccf62e-cb8d-466f-b4a6-dfc32c9d7885/elements [39m[32m200[39m [90m18 ms - 139[39m
[35m[HTTP][39m [90m[39m
[35m[HTTP][39m [37m-->[39m [37mDELETE[39m [37m/wd/hub/session/a5ccf62e-cb8d-466f-b4a6-dfc32c9d7885[39m
[35m[HTTP][39m [90m{}[39m
[35m[Appium][39m Removing session a5ccf62e-cb8d-466f-b4a6-dfc32c9d7885 from our master session list
[35m[UiAutomator2][39m Restoring hidden api policy to the device default configuration
[35m[HTTP][39m [37m<-- DELETE /wd/hub/session/a5ccf62e-cb8d-466f-b4a6-dfc32c9d7885 [39m[32m200[39m [90m1258 ms - 14[39m
[35m[HTTP][39m [90m[39m
